
C:\antislot_work\android>if "Windows_NT" == "Windows_NT" setlocal

C:\antislot_work\android>set DIRNAME=C:\antislot_work\android\ 

C:\antislot_work\android>if "C:\antislot_work\android\" == "" set DIRNAME=. 

C:\antislot_work\android>set APP_BASE_NAME=gradlew 

C:\antislot_work\android>set APP_HOME=C:\antislot_work\android\ 

C:\antislot_work\android>for %i in ("C:\antislot_work\android\") do set APP_HOME=%~fi 

C:\antislot_work\android>set APP_HOME=C:\antislot_work\android\ 

C:\antislot_work\android>set DEFAULT_JVM_OPTS="-Xmx64m" "-Xms64m" 

C:\antislot_work\android>if defined JAVA_HOME goto findJavaFromJavaHome 

C:\antislot_work\android>set JAVA_HOME=C:\Program Files\Eclipse Adoptium\jdk-17.0.18.8-hotspot 

C:\antislot_work\android>set JAVA_EXE=C:\Program Files\Eclipse Adoptium\jdk-17.0.18.8-hotspot/bin/java.exe 

C:\antislot_work\android>if exist "C:\Program Files\Eclipse Adoptium\jdk-17.0.18.8-hotspot/bin/java.exe" goto execute 

C:\antislot_work\android>set CLASSPATH= 

C:\antislot_work\android>"C:\Program Files\Eclipse Adoptium\jdk-17.0.18.8-hotspot/bin/java.exe" "-Xmx64m" "-Xms64m"  -Xmx1024m -XX:MaxMetaspaceSize=384m "-Dorg.gradle.appname=gradlew" -classpath "" -jar "C:\antislot_work\android\\gradle\wrapper\gradle-wrapper.jar" :app:compileDebugKotlin --no-daemon --info 
Initialized native services in: C:\Users\dferh\.gradle\native
Initialized jansi services in: C:\Users\dferh\.gradle\native
To honour the JVM settings for this build a single-use Daemon process will be forked. For more on this, please refer to https://docs.gradle.org/8.14.3/userguide/gradle_daemon.html#sec:disabling_the_daemon in the Gradle documentation.
Starting process 'Gradle build daemon'. Working directory: C:\Users\dferh\.gradle\daemon\8.14.3 Command: C:\Program Files\Eclipse Adoptium\jdk-17.0.18.8-hotspot\bin\java.exe --add-opens=java.base/java.lang=ALL-UNNAMED --add-opens=java.base/java.lang.invoke=ALL-UNNAMED --add-opens=java.base/java.util=ALL-UNNAMED --add-opens=java.prefs/java.util.prefs=ALL-UNNAMED --add-exports=jdk.compiler/com.sun.tools.javac.api=ALL-UNNAMED --add-exports=jdk.compiler/com.sun.tools.javac.util=ALL-UNNAMED --add-opens=java.base/java.util=ALL-UNNAMED --add-opens=java.prefs/java.util.prefs=ALL-UNNAMED --add-opens=java.base/java.nio.charset=ALL-UNNAMED --add-opens=java.base/java.net=ALL-UNNAMED --add-opens=java.base/java.util.concurrent.atomic=ALL-UNNAMED --add-opens=java.xml/javax.xml.namespace=ALL-UNNAMED -XX:MaxMetaspaceSize=512m -Xmx2048m -Dfile.encoding=windows-1254 -Duser.country=TR -Duser.language=tr -Duser.variant -cp C:\Users\dferh\.gradle\wrapper\dists\gradle-8.14.3-bin\cv11ve7ro1n3o1j4so8xd9n66\gradle-8.14.3\lib\gradle-daemon-main-8.14.3.jar -javaagent:C:\Users\dferh\.gradle\wrapper\dists\gradle-8.14.3-bin\cv11ve7ro1n3o1j4so8xd9n66\gradle-8.14.3\lib\agents\gradle-instrumentation-agent-8.14.3.jar org.gradle.launcher.daemon.bootstrap.GradleDaemon 8.14.3
Successfully started process 'Gradle build daemon'
An attempt to start the daemon took 3.799 secs.
The client will now receive all logging from the daemon (pid: 8440). The daemon log file: C:\Users\dferh\.gradle\daemon\8.14.3\daemon-8440.out.log
Daemon will be stopped at the end of the build 
Using 4 worker leases.
Received JVM installation metadata from 'C:\Program Files\Eclipse Adoptium\jdk-17.0.18.8-hotspot': {JAVA_HOME=C:\Program Files\Eclipse Adoptium\jdk-17.0.18.8-hotspot, JAVA_VERSION=17.0.18, JAVA_VENDOR=Eclipse Adoptium, RUNTIME_NAME=OpenJDK Runtime Environment, RUNTIME_VERSION=17.0.18+8, VM_NAME=OpenJDK 64-Bit Server VM, VM_VERSION=17.0.18+8, VM_VENDOR=Eclipse Adoptium, OS_ARCH=amd64}
Watching the file system is configured to be enabled if available
Now considering [C:\antislot_work\android] as hierarchies to watch
File system watching is active
Starting Build
Now considering [C:\antislot_work\node_modules\@react-native\gradle-plugin, C:\antislot_work\android] as hierarchies to watch
Resolved plugin [id: 'org.gradle.toolchains.foojay-resolver-convention', version: '0.5.0']
Now considering [C:\antislot_work\node_modules\expo-modules-autolinking\android\expo-gradle-plugin, C:\antislot_work\node_modules\@react-native\gradle-plugin, C:\antislot_work\android] as hierarchies to watch

> Configure project :gradle-plugin
Evaluating project ':gradle-plugin' using build file 'C:\antislot_work\node_modules\@react-native\gradle-plugin\build.gradle.kts'.
Resolved plugin [id: 'org.jetbrains.kotlin.jvm', version: '2.1.20', apply: false]

> Configure project :gradle-plugin:react-native-gradle-plugin
Evaluating project ':gradle-plugin:react-native-gradle-plugin' using build file 'C:\antislot_work\node_modules\@react-native\gradle-plugin\react-native-gradle-plugin\build.gradle.kts'.
Resolved plugin [id: 'org.jetbrains.kotlin.jvm', version: '2.1.20']
Resolved plugin [id: 'java-gradle-plugin']
Build dc93a0f7-7bbd-47f7-a596-b855c14d3b26 is started
Using Kotlin Gradle Plugin gradle85 variant
kotlin scripting plugin: created the scripting discovery configuration: kotlinScriptDef
kotlin scripting plugin: created the scripting discovery configuration: testKotlinScriptDef

> Configure project :gradle-plugin:settings-plugin
Evaluating project ':gradle-plugin:settings-plugin' using build file 'C:\antislot_work\node_modules\@react-native\gradle-plugin\settings-plugin\build.gradle.kts'.
Resolved plugin [id: 'org.jetbrains.kotlin.jvm', version: '2.1.20']
Resolved plugin [id: 'java-gradle-plugin']
Using Kotlin Gradle Plugin gradle85 variant
kotlin scripting plugin: created the scripting discovery configuration: kotlinScriptDef
kotlin scripting plugin: created the scripting discovery configuration: testKotlinScriptDef

> Configure project :gradle-plugin:shared
Evaluating project ':gradle-plugin:shared' using build file 'C:\antislot_work\node_modules\@react-native\gradle-plugin\shared\build.gradle.kts'.
Resolved plugin [id: 'org.jetbrains.kotlin.jvm', version: '2.1.20']
Using Kotlin Gradle Plugin gradle85 variant
kotlin scripting plugin: created the scripting discovery configuration: kotlinScriptDef
kotlin scripting plugin: created the scripting discovery configuration: testKotlinScriptDef

> Configure project :gradle-plugin:shared-testutil
Evaluating project ':gradle-plugin:shared-testutil' using build file 'C:\antislot_work\node_modules\@react-native\gradle-plugin\shared-testutil\build.gradle.kts'.
Resolved plugin [id: 'org.jetbrains.kotlin.jvm', version: '2.1.20']
Using Kotlin Gradle Plugin gradle85 variant
kotlin scripting plugin: created the scripting discovery configuration: kotlinScriptDef
kotlin scripting plugin: created the scripting discovery configuration: testKotlinScriptDef
Resolved plugin [id: 'com.facebook.react.settings']

> Configure project :expo-gradle-plugin
Evaluating project ':expo-gradle-plugin' using build file 'C:\antislot_work\node_modules\expo-modules-autolinking\android\expo-gradle-plugin\build.gradle.kts'.
Resolved plugin [id: 'org.jetbrains.kotlin.jvm', version: '2.1.20', apply: false]
Resolved plugin [id: 'java-gradle-plugin']

> Configure project :expo-gradle-plugin:expo-autolinking-plugin
Evaluating project ':expo-gradle-plugin:expo-autolinking-plugin' using build file 'C:\antislot_work\node_modules\expo-modules-autolinking\android\expo-gradle-plugin\expo-autolinking-plugin\build.gradle.kts'.
Resolved plugin [id: 'org.jetbrains.kotlin.jvm']
Resolved plugin [id: 'java-gradle-plugin']
Build 7958bb15-9581-4940-afd3-c4525a25f6f8 is started
Using Kotlin Gradle Plugin gradle85 variant
kotlin scripting plugin: created the scripting discovery configuration: kotlinScriptDef
kotlin scripting plugin: created the scripting discovery configuration: testKotlinScriptDef

> Configure project :expo-gradle-plugin:expo-autolinking-plugin-shared
Evaluating project ':expo-gradle-plugin:expo-autolinking-plugin-shared' using build file 'C:\antislot_work\node_modules\expo-modules-autolinking\android\expo-gradle-plugin\expo-autolinking-plugin-shared\build.gradle.kts'.
Resolved plugin [id: 'org.jetbrains.kotlin.jvm']
Resolved plugin [id: 'org.jetbrains.kotlin.plugin.serialization', version: '1.9.24']
Using Kotlin Gradle Plugin gradle85 variant
kotlin scripting plugin: created the scripting discovery configuration: kotlinScriptDef
kotlin scripting plugin: created the scripting discovery configuration: testKotlinScriptDef

> Configure project :expo-gradle-plugin:expo-autolinking-settings-plugin
Evaluating project ':expo-gradle-plugin:expo-autolinking-settings-plugin' using build file 'C:\antislot_work\node_modules\expo-modules-autolinking\android\expo-gradle-plugin\expo-autolinking-settings-plugin\build.gradle.kts'.
Resolved plugin [id: 'org.jetbrains.kotlin.jvm']
Resolved plugin [id: 'java-gradle-plugin']
Using Kotlin Gradle Plugin gradle85 variant
kotlin scripting plugin: created the scripting discovery configuration: kotlinScriptDef
kotlin scripting plugin: created the scripting discovery configuration: testKotlinScriptDef
Resolved plugin [id: 'expo-autolinking-settings']
Starting process 'command 'C:\Program Files (x86)\Java\jre1.8.0_481\bin\java.exe''. Working directory: C:\Users\dferh\.gradle\.tmp\tmp-jvm1602209114146256147probe Command: C:\Program Files (x86)\Java\jre1.8.0_481\bin\java.exe -Xmx32m -Xms32m -cp . JavaProbe
Successfully started process 'command 'C:\Program Files (x86)\Java\jre1.8.0_481\bin\java.exe''
Received JVM installation metadata from 'C:\Program Files (x86)\Java\jre1.8.0_481': {JAVA_HOME=C:\Program Files (x86)\Java\jre1.8.0_481, JAVA_VERSION=1.8.0_481, JAVA_VENDOR=Oracle Corporation, RUNTIME_NAME=Java(TM) SE Runtime Environment, RUNTIME_VERSION=1.8.0_481-b10, VM_NAME=Java HotSpot(TM) Client VM, VM_VERSION=25.481-b10, VM_VENDOR=Oracle Corporation, OS_ARCH=x86}
Resolve mutations for :gradle-plugin:settings-plugin:checkKotlinGradlePluginConfigurationErrors (Thread[included builds Thread 2,5,main]) started.
Resolve mutations for :expo-gradle-plugin:expo-autolinking-plugin-shared:checkKotlinGradlePluginConfigurationErrors (Thread[included builds,5,main]) started.
Resolve mutations for :expo-gradle-plugin:expo-autolinking-settings-plugin:checkKotlinGradlePluginConfigurationErrors (Thread[Execution worker,5,main]) started.
Resolve mutations for :gradle-plugin:shared:checkKotlinGradlePluginConfigurationErrors (Thread[Execution worker Thread 2,5,main]) started.
:gradle-plugin:settings-plugin:checkKotlinGradlePluginConfigurationErrors (Thread[included builds Thread 2,5,main]) started.
:expo-gradle-plugin:expo-autolinking-settings-plugin:checkKotlinGradlePluginConfigurationErrors (Thread[Execution worker Thread 2,5,main]) started.
:expo-gradle-plugin:expo-autolinking-plugin-shared:checkKotlinGradlePluginConfigurationErrors (Thread[included builds,5,main]) started.
:gradle-plugin:shared:checkKotlinGradlePluginConfigurationErrors (Thread[Execution worker,5,main]) started.

> Task :expo-gradle-plugin:expo-autolinking-settings-plugin:checkKotlinGradlePluginConfigurationErrors SKIPPED
Skipping task ':expo-gradle-plugin:expo-autolinking-settings-plugin:checkKotlinGradlePluginConfigurationErrors' as task onlyIf 'errorDiagnostics are present' is false.

> Task :expo-gradle-plugin:expo-autolinking-plugin-shared:checkKotlinGradlePluginConfigurationErrors SKIPPED
Skipping task ':expo-gradle-plugin:expo-autolinking-plugin-shared:checkKotlinGradlePluginConfigurationErrors' as task onlyIf 'errorDiagnostics are present' is false.

> Task :gradle-plugin:settings-plugin:checkKotlinGradlePluginConfigurationErrors SKIPPED
Skipping task ':gradle-plugin:settings-plugin:checkKotlinGradlePluginConfigurationErrors' as task onlyIf 'errorDiagnostics are present' is false.
Resolve mutations for :expo-gradle-plugin:expo-autolinking-settings-plugin:pluginDescriptors (Thread[Execution worker Thread 2,5,main]) started.
Resolve mutations for :expo-gradle-plugin:expo-autolinking-plugin-shared:compileKotlin (Thread[included builds,5,main]) started.
Resolve mutations for :gradle-plugin:settings-plugin:pluginDescriptors (Thread[included builds Thread 2,5,main]) started.

> Task :gradle-plugin:shared:checkKotlinGradlePluginConfigurationErrors SKIPPED
Skipping task ':gradle-plugin:shared:checkKotlinGradlePluginConfigurationErrors' as task onlyIf 'errorDiagnostics are present' is false.
:expo-gradle-plugin:expo-autolinking-settings-plugin:pluginDescriptors (Thread[Execution worker Thread 2,5,main]) started.
Resolve mutations for :gradle-plugin:shared:compileKotlin (Thread[Execution worker,5,main]) started.
:gradle-plugin:shared:compileKotlin (Thread[Execution worker,5,main]) started.
:expo-gradle-plugin:expo-autolinking-plugin-shared:compileKotlin (Thread[included builds,5,main]) started.
:gradle-plugin:settings-plugin:pluginDescriptors (Thread[included builds Thread 2,5,main]) started.

> Task :expo-gradle-plugin:expo-autolinking-settings-plugin:pluginDescriptors UP-TO-DATE
Caching disabled for task ':expo-gradle-plugin:expo-autolinking-settings-plugin:pluginDescriptors' because:
  Build cache is disabled
  Not worth caching
Skipping task ':expo-gradle-plugin:expo-autolinking-settings-plugin:pluginDescriptors' as it is up-to-date.
Resolve mutations for :expo-gradle-plugin:expo-autolinking-settings-plugin:processResources (Thread[Execution worker Thread 2,5,main]) started.

> Task :gradle-plugin:settings-plugin:pluginDescriptors UP-TO-DATE
Caching disabled for task ':gradle-plugin:settings-plugin:pluginDescriptors' because:
  Build cache is disabled
  Not worth caching
Skipping task ':gradle-plugin:settings-plugin:pluginDescriptors' as it is up-to-date.
Resolve mutations for :gradle-plugin:settings-plugin:processResources (Thread[included builds Thread 2,5,main]) started.
:gradle-plugin:settings-plugin:processResources (Thread[included builds Thread 2,5,main]) started.
:expo-gradle-plugin:expo-autolinking-settings-plugin:processResources (Thread[Execution worker Thread 2,5,main]) started.

> Task :expo-gradle-plugin:expo-autolinking-settings-plugin:processResources UP-TO-DATE
Caching disabled for task ':expo-gradle-plugin:expo-autolinking-settings-plugin:processResources' because:
  Build cache is disabled
  Not worth caching
Skipping task ':expo-gradle-plugin:expo-autolinking-settings-plugin:processResources' as it is up-to-date.

> Task :gradle-plugin:settings-plugin:processResources UP-TO-DATE
Caching disabled for task ':gradle-plugin:settings-plugin:processResources' because:
  Build cache is disabled
  Not worth caching
Skipping task ':gradle-plugin:settings-plugin:processResources' as it is up-to-date.

> Task :gradle-plugin:shared:compileKotlin UP-TO-DATE
Caching disabled for task ':gradle-plugin:shared:compileKotlin' because:
  Build cache is disabled
Skipping task ':gradle-plugin:shared:compileKotlin' as it is up-to-date.
Resolve mutations for :gradle-plugin:shared:compileJava (Thread[Execution worker,5,main]) started.

> Task :expo-gradle-plugin:expo-autolinking-plugin-shared:compileKotlin UP-TO-DATE
Caching disabled for task ':expo-gradle-plugin:expo-autolinking-plugin-shared:compileKotlin' because:
  Build cache is disabled
Skipping task ':expo-gradle-plugin:expo-autolinking-plugin-shared:compileKotlin' as it is up-to-date.
Resolve mutations for :expo-gradle-plugin:expo-autolinking-plugin-shared:compileJava (Thread[included builds,5,main]) started.
:expo-gradle-plugin:expo-autolinking-plugin-shared:compileJava (Thread[included builds,5,main]) started.
:gradle-plugin:shared:compileJava (Thread[Execution worker,5,main]) started.

> Task :gradle-plugin:shared:compileJava NO-SOURCE
Skipping task ':gradle-plugin:shared:compileJava' as it has no source files and no previous output files.
Resolve mutations for :gradle-plugin:shared:processResources (Thread[Execution worker,5,main]) started.
:gradle-plugin:shared:processResources (Thread[Execution worker,5,main]) started.

> Task :gradle-plugin:shared:processResources NO-SOURCE
Skipping task ':gradle-plugin:shared:processResources' as it has no source files and no previous output files.
Resolve mutations for :gradle-plugin:shared:classes (Thread[Execution worker,5,main]) started.
:gradle-plugin:shared:classes (Thread[Execution worker Thread 3,5,main]) started.

> Task :gradle-plugin:shared:classes UP-TO-DATE
Skipping task ':gradle-plugin:shared:classes' as it has no actions.
Resolve mutations for :gradle-plugin:shared:jar (Thread[Execution worker Thread 3,5,main]) started.
:gradle-plugin:shared:jar (Thread[Execution worker Thread 2,5,main]) started.

> Task :expo-gradle-plugin:expo-autolinking-plugin-shared:compileJava NO-SOURCE
Skipping task ':expo-gradle-plugin:expo-autolinking-plugin-shared:compileJava' as it has no source files and no previous output files.
Resolve mutations for :expo-gradle-plugin:expo-autolinking-plugin-shared:processResources (Thread[Execution worker Thread 3,5,main]) started.
:expo-gradle-plugin:expo-autolinking-plugin-shared:processResources (Thread[Execution worker Thread 3,5,main]) started.

> Task :gradle-plugin:shared:jar UP-TO-DATE
Caching disabled for task ':gradle-plugin:shared:jar' because:
  Build cache is disabled
  Not worth caching
Skipping task ':gradle-plugin:shared:jar' as it is up-to-date.
work action resolve shared.jar (project :gradle-plugin:shared) (Thread[Execution worker Thread 2,5,main]) started.
Resolve mutations for :gradle-plugin:settings-plugin:compileKotlin (Thread[Execution worker Thread 2,5,main]) started.
:gradle-plugin:settings-plugin:compileKotlin (Thread[Execution worker Thread 2,5,main]) started.

> Task :expo-gradle-plugin:expo-autolinking-plugin-shared:processResources NO-SOURCE
Skipping task ':expo-gradle-plugin:expo-autolinking-plugin-shared:processResources' as it has no source files and no previous output files.
Resolve mutations for :expo-gradle-plugin:expo-autolinking-plugin-shared:classes (Thread[Execution worker Thread 3,5,main]) started.
:expo-gradle-plugin:expo-autolinking-plugin-shared:classes (Thread[Execution worker Thread 3,5,main]) started.

> Task :expo-gradle-plugin:expo-autolinking-plugin-shared:classes UP-TO-DATE
Skipping task ':expo-gradle-plugin:expo-autolinking-plugin-shared:classes' as it has no actions.
Resolve mutations for :expo-gradle-plugin:expo-autolinking-plugin-shared:jar (Thread[Execution worker Thread 3,5,main]) started.
:expo-gradle-plugin:expo-autolinking-plugin-shared:jar (Thread[Execution worker Thread 3,5,main]) started.

> Task :expo-gradle-plugin:expo-autolinking-plugin-shared:jar UP-TO-DATE
Caching disabled for task ':expo-gradle-plugin:expo-autolinking-plugin-shared:jar' because:
  Build cache is disabled
  Not worth caching
Skipping task ':expo-gradle-plugin:expo-autolinking-plugin-shared:jar' as it is up-to-date.
work action resolve expo-autolinking-plugin-shared-1.0.jar (project :expo-gradle-plugin:expo-autolinking-plugin-shared) (Thread[Execution worker Thread 3,5,main]) started.
Resolve mutations for :expo-gradle-plugin:expo-autolinking-settings-plugin:compileKotlin (Thread[Execution worker Thread 3,5,main]) started.
:expo-gradle-plugin:expo-autolinking-settings-plugin:compileKotlin (Thread[Execution worker Thread 3,5,main]) started.

> Task :gradle-plugin:settings-plugin:compileKotlin UP-TO-DATE
Caching disabled for task ':gradle-plugin:settings-plugin:compileKotlin' because:
  Build cache is disabled
Skipping task ':gradle-plugin:settings-plugin:compileKotlin' as it is up-to-date.
Resolve mutations for :gradle-plugin:settings-plugin:compileJava (Thread[Execution worker Thread 2,5,main]) started.
:gradle-plugin:settings-plugin:compileJava (Thread[Execution worker Thread 2,5,main]) started.

> Task :gradle-plugin:settings-plugin:compileJava NO-SOURCE
Skipping task ':gradle-plugin:settings-plugin:compileJava' as it has no source files and no previous output files.
Resolve mutations for :gradle-plugin:settings-plugin:classes (Thread[Execution worker Thread 2,5,main]) started.
:gradle-plugin:settings-plugin:classes (Thread[Execution worker Thread 2,5,main]) started.

> Task :gradle-plugin:settings-plugin:classes UP-TO-DATE
Skipping task ':gradle-plugin:settings-plugin:classes' as it has no actions.
Resolve mutations for :gradle-plugin:settings-plugin:jar (Thread[Execution worker Thread 2,5,main]) started.
:gradle-plugin:settings-plugin:jar (Thread[Execution worker Thread 2,5,main]) started.

> Task :gradle-plugin:settings-plugin:jar UP-TO-DATE
Caching disabled for task ':gradle-plugin:settings-plugin:jar' because:
  Build cache is disabled
  Not worth caching
Skipping task ':gradle-plugin:settings-plugin:jar' as it is up-to-date.

> Task :expo-gradle-plugin:expo-autolinking-settings-plugin:compileKotlin UP-TO-DATE
Caching disabled for task ':expo-gradle-plugin:expo-autolinking-settings-plugin:compileKotlin' because:
  Build cache is disabled
Skipping task ':expo-gradle-plugin:expo-autolinking-settings-plugin:compileKotlin' as it is up-to-date.
Resolve mutations for :expo-gradle-plugin:expo-autolinking-settings-plugin:compileJava (Thread[Execution worker,5,main]) started.
:expo-gradle-plugin:expo-autolinking-settings-plugin:compileJava (Thread[Execution worker,5,main]) started.

> Task :expo-gradle-plugin:expo-autolinking-settings-plugin:compileJava NO-SOURCE
Skipping task ':expo-gradle-plugin:expo-autolinking-settings-plugin:compileJava' as it has no source files and no previous output files.
Resolve mutations for :expo-gradle-plugin:expo-autolinking-settings-plugin:classes (Thread[Execution worker,5,main]) started.
:expo-gradle-plugin:expo-autolinking-settings-plugin:classes (Thread[Execution worker,5,main]) started.

> Task :expo-gradle-plugin:expo-autolinking-settings-plugin:classes UP-TO-DATE
Skipping task ':expo-gradle-plugin:expo-autolinking-settings-plugin:classes' as it has no actions.
Resolve mutations for :expo-gradle-plugin:expo-autolinking-settings-plugin:jar (Thread[Execution worker,5,main]) started.
:expo-gradle-plugin:expo-autolinking-settings-plugin:jar (Thread[Execution worker,5,main]) started.

> Task :expo-gradle-plugin:expo-autolinking-settings-plugin:jar UP-TO-DATE
Caching disabled for task ':expo-gradle-plugin:expo-autolinking-settings-plugin:jar' because:
  Build cache is disabled
  Not worth caching
Skipping task ':expo-gradle-plugin:expo-autolinking-settings-plugin:jar' as it is up-to-date.
Starting process 'command 'node''. Working directory: C:\antislot_work\android Command: node --print require.resolve('expo-modules-autolinking/package.json', { paths: [require.resolve('expo/package.json')] })
Successfully started process 'command 'node''
Starting process 'command 'cmd''. Working directory: C:\antislot_work\android Command: cmd /c node --no-warnings --eval require('expo/bin/autolinking') expo-modules-autolinking resolve --platform android --json
Successfully started process 'command 'cmd''
Starting process 'command 'node''. Working directory: C:\antislot_work\android Command: node --print require.resolve('react-native/package.json')
Successfully started process 'command 'node''
Starting process 'command 'node''. Working directory: C:\antislot_work\android Command: node --print require.resolve('@react-native/gradle-plugin/package.json', { paths: [require.resolve('react-native/package.json')] })
Successfully started process 'command 'node''
Settings evaluated using settings file 'C:\antislot_work\android\settings.gradle'.
Build 7958bb15-9581-4940-afd3-c4525a25f6f8 is closed
Build dc93a0f7-7bbd-47f7-a596-b855c14d3b26 is closed

[Incubating] Problems report is available at: file:///C:/antislot_work/android/build/reports/problems/problems-report.html

FAILURE: Build failed with an exception.

* What went wrong:
Included build 'C:\Users\dferh\OneDrive\Masaüstü\HOLLAP VE ANTİ SLOT\antislot\node_modules\expo-dev-launcher\expo-dev-launcher-gradle-plugin' does not exist.

* Try:
> Run with --stacktrace option to get the stack trace.
> Run with --debug option to get more log output.
> Run with --scan to get full insights.
> Get more help at https://help.gradle.org.

Deprecated Gradle features were used in this build, making it incompatible with Gradle 9.0.

You can use '--warning-mode all' to show the individual deprecation warnings and determine if they come from your own scripts or plugins.

For more on this, please refer to https://docs.gradle.org/8.14.3/userguide/command_line_interface.html#sec:command_line_warnings in the Gradle documentation.

BUILD FAILED in 28s
12 actionable tasks: 12 up-to-date
Watched directory hierarchies: [C:\antislot_work\node_modules\expo-modules-autolinking\android\expo-gradle-plugin, C:\antislot_work\node_modules\@react-native\gradle-plugin]

C:\antislot_work\android>if 1 EQU 0 goto mainEnd 

C:\antislot_work\android>rem Set variable GRADLE_EXIT_CONSOLE if you need the _script_ return code instead of 

C:\antislot_work\android>rem the _cmd.exe /c_ return code! 

C:\antislot_work\android>set EXIT_CODE=1 

C:\antislot_work\android>if 1 EQU 0 set EXIT_CODE=1 

C:\antislot_work\android>if not "" == "" exit 1 

C:\antislot_work\android>exit /b 1 
